[ 33%] [32mBuilding CXX object CMakeFiles/driver.dir/src/trajectory.cpp.o[0m
[ 66%] [32m[1mLinking CXX executable driver[0m
[100%] Built target driver
-- Install configuration: ""
-- Installing: /home/sachin/IITBDV-Recruitment-Hackathon/IITBDV-Recruitment-Hackathon/Simulation-Development/workspace/src/install/robot_sim/lib/robot_sim/driver
-- Set non-toolchain portion of runtime path of "/home/sachin/IITBDV-Recruitment-Hackathon/IITBDV-Recruitment-Hackathon/Simulation-Development/workspace/src/install/robot_sim/lib/robot_sim/driver" to ""
-- Up-to-date: /home/sachin/IITBDV-Recruitment-Hackathon/IITBDV-Recruitment-Hackathon/Simulation-Development/workspace/src/install/robot_sim/share/robot_sim/launch
-- Installing: /home/sachin/IITBDV-Recruitment-Hackathon/IITBDV-Recruitment-Hackathon/Simulation-Development/workspace/src/install/robot_sim/share/robot_sim/launch/sim.launch.py
-- Up-to-date: /home/sachin/IITBDV-Recruitment-Hackathon/IITBDV-Recruitment-Hackathon/Simulation-Development/workspace/src/install/robot_sim/share/robot_sim/urdf
-- Up-to-date: /home/sachin/IITBDV-Recruitment-Hackathon/IITBDV-Recruitment-Hackathon/Simulation-Development/workspace/src/install/robot_sim/share/robot_sim/urdf/robot.urdf
-- Up-to-date: /home/sachin/IITBDV-Recruitment-Hackathon/IITBDV-Recruitment-Hackathon/Simulation-Development/workspace/src/install/robot_sim/share/robot_sim/urdf/materials.xacro
-- Up-to-date: /home/sachin/IITBDV-Recruitment-Hackathon/IITBDV-Recruitment-Hackathon/Simulation-Development/workspace/src/install/robot_sim/share/robot_sim/rviz
-- Up-to-date: /home/sachin/IITBDV-Recruitment-Hackathon/IITBDV-Recruitment-Hackathon/Simulation-Development/workspace/src/install/robot_sim/share/robot_sim/rviz/config.rviz
-- Up-to-date: /home/sachin/IITBDV-Recruitment-Hackathon/IITBDV-Recruitment-Hackathon/Simulation-Development/workspace/src/install/robot_sim/include/
-- Up-to-date: /home/sachin/IITBDV-Recruitment-Hackathon/IITBDV-Recruitment-Hackathon/Simulation-Development/workspace/src/install/robot_sim/include//robot_sim
-- Installing: /home/sachin/IITBDV-Recruitment-Hackathon/IITBDV-Recruitment-Hackathon/Simulation-Development/workspace/src/install/robot_sim/include//robot_sim/robot_drive.hpp
-- Up-to-date: /home/sachin/IITBDV-Recruitment-Hackathon/IITBDV-Recruitment-Hackathon/Simulation-Development/workspace/src/install/robot_sim/share/ament_index/resource_index/package_run_dependencies/robot_sim
-- Up-to-date: /home/sachin/IITBDV-Recruitment-Hackathon/IITBDV-Recruitment-Hackathon/Simulation-Development/workspace/src/install/robot_sim/share/ament_index/resource_index/parent_prefix_path/robot_sim
-- Up-to-date: /home/sachin/IITBDV-Recruitment-Hackathon/IITBDV-Recruitment-Hackathon/Simulation-Development/workspace/src/install/robot_sim/share/robot_sim/environment/ament_prefix_path.sh
-- Up-to-date: /home/sachin/IITBDV-Recruitment-Hackathon/IITBDV-Recruitment-Hackathon/Simulation-Development/workspace/src/install/robot_sim/share/robot_sim/environment/ament_prefix_path.dsv
-- Up-to-date: /home/sachin/IITBDV-Recruitment-Hackathon/IITBDV-Recruitment-Hackathon/Simulation-Development/workspace/src/install/robot_sim/share/robot_sim/environment/path.sh
-- Up-to-date: /home/sachin/IITBDV-Recruitment-Hackathon/IITBDV-Recruitment-Hackathon/Simulation-Development/workspace/src/install/robot_sim/share/robot_sim/environment/path.dsv
-- Up-to-date: /home/sachin/IITBDV-Recruitment-Hackathon/IITBDV-Recruitment-Hackathon/Simulation-Development/workspace/src/install/robot_sim/share/robot_sim/local_setup.bash
-- Up-to-date: /home/sachin/IITBDV-Recruitment-Hackathon/IITBDV-Recruitment-Hackathon/Simulation-Development/workspace/src/install/robot_sim/share/robot_sim/local_setup.sh
-- Up-to-date: /home/sachin/IITBDV-Recruitment-Hackathon/IITBDV-Recruitment-Hackathon/Simulation-Development/workspace/src/install/robot_sim/share/robot_sim/local_setup.zsh
-- Up-to-date: /home/sachin/IITBDV-Recruitment-Hackathon/IITBDV-Recruitment-Hackathon/Simulation-Development/workspace/src/install/robot_sim/share/robot_sim/local_setup.dsv
-- Installing: /home/sachin/IITBDV-Recruitment-Hackathon/IITBDV-Recruitment-Hackathon/Simulation-Development/workspace/src/install/robot_sim/share/robot_sim/package.dsv
-- Up-to-date: /home/sachin/IITBDV-Recruitment-Hackathon/IITBDV-Recruitment-Hackathon/Simulation-Development/workspace/src/install/robot_sim/share/ament_index/resource_index/packages/robot_sim
-- Up-to-date: /home/sachin/IITBDV-Recruitment-Hackathon/IITBDV-Recruitment-Hackathon/Simulation-Development/workspace/src/install/robot_sim/share/robot_sim/cmake/robot_simConfig.cmake
-- Up-to-date: /home/sachin/IITBDV-Recruitment-Hackathon/IITBDV-Recruitment-Hackathon/Simulation-Development/workspace/src/install/robot_sim/share/robot_sim/cmake/robot_simConfig-version.cmake
-- Up-to-date: /home/sachin/IITBDV-Recruitment-Hackathon/IITBDV-Recruitment-Hackathon/Simulation-Development/workspace/src/install/robot_sim/share/robot_sim/package.xml
