[0.008s] Invoking command in '/home/sachin/IITBDV-Recruitment-Hackathon/IITBDV-Recruitment-Hackathon/Simulation-Development/workspace/src/build/robot_sim': CMAKE_PREFIX_PATH=${CMAKE_PREFIX_PATH}:/opt/ros/jazzy DEBUGINFOD_URLS=https://debuginfod.ubuntu.com /usr/bin/cmake --build /home/sachin/IITBDV-Recruitment-Hackathon/IITBDV-Recruitment-Hackathon/Simulation-Development/workspace/src/build/robot_sim -- -j12 -l12
[0.066s] [ 33%] [32mBuilding CXX object CMakeFiles/driver.dir/src/trajectory.cpp.o[0m
[1.454s] [01m[K/home/sachin/IITBDV-Recruitment-Hackathon/IITBDV-Recruitment-Hackathon/Simulation-Development/workspace/src/robot_sim/src/trajectory.cpp:[m[K In member function ‘[01m[Kvoid RobotDrive::[01;32m[Kupdate_pose[m[K()[m[K’:
[1.454s] [01m[K/home/sachin/IITBDV-Recruitment-Hackathon/IITBDV-Recruitment-Hackathon/Simulation-Development/workspace/src/robot_sim/src/trajectory.cpp:21:23:[m[K [01;31m[Kerror: [m[Ktoo few arguments to function ‘[01m[Kdouble[01;32m[K atan2[m[K(double, double)[m[K’
[1.454s]    21 |     double yaw = [01;31m[Katan2(vy/vx)[m[K;
[1.454s]       |                  [01;31m[K~~~~~^~~~~~~[m[K
[1.454s] In file included from [01m[K/usr/include/features.h:502[m[K,
[1.454s]                  from [01m[K/usr/include/x86_64-linux-gnu/c++/13/bits/os_defines.h:39[m[K,
[1.454s]                  from [01m[K/usr/include/x86_64-linux-gnu/c++/13/bits/c++config.h:679[m[K,
[1.454s]                  from [01m[K/usr/include/c++/13/csignal:41[m[K,
[1.454s]                  from [01m[K/opt/ros/jazzy/include/rclcpp/rclcpp/rclcpp.hpp:168[m[K,
[1.454s]                  from [01m[K/home/sachin/IITBDV-Recruitment-Hackathon/IITBDV-Recruitment-Hackathon/Simulation-Development/workspace/src/robot_sim/include/robot_sim/robot_drive.hpp:4[m[K,
[1.454s]                  from [01m[K/home/sachin/IITBDV-Recruitment-Hackathon/IITBDV-Recruitment-Hackathon/Simulation-Development/workspace/src/robot_sim/src/trajectory.cpp:1[m[K:
[1.454s] [01m[K/usr/include/x86_64-linux-gnu/bits/mathcalls.h:59:1:[m[K [01;36m[Knote: [m[Kdeclared here
[1.455s]    59 | [01;36m[K__MATHCALL_VEC[m[K (atan2,, (_Mdouble_ __y, _Mdouble_ __x));
[1.455s]       | [01;36m[K^~~~~~~~~~~~~~[m[K
[1.455s] [01m[K/home/sachin/IITBDV-Recruitment-Hackathon/IITBDV-Recruitment-Hackathon/Simulation-Development/workspace/src/robot_sim/src/trajectory.cpp:21:12:[m[K [01;35m[Kwarning: [m[Kunused variable ‘[01m[Kyaw[m[K’ [[01;35m[K]8;;https://gcc.gnu.org/onlinedocs/gcc/Warning-Options.html#index-Wunused-variable-Wunused-variable]8;;[m[K]
[1.455s]    21 |     double [01;35m[Kyaw[m[K = atan2(vy/vx);
[1.455s]       |            [01;35m[K^~~[m[K
[1.464s] [01m[K/home/sachin/IITBDV-Recruitment-Hackathon/IITBDV-Recruitment-Hackathon/Simulation-Development/workspace/src/robot_sim/src/trajectory.cpp:24:19:[m[K [01;31m[Kerror: [m[K‘[01m[Kyaw[m[K’ was not declared in this scope
[1.464s]    24 |     setPose(x, y, [01;31m[Kyaw[m[K); // USE THIS FUNCTION TO UPDATE THE POSE OF YOUR ROBOT.
[1.464s]       |                   [01;31m[K^~~[m[K
[1.843s] gmake[2]: *** [CMakeFiles/driver.dir/build.make:90: CMakeFiles/driver.dir/src/trajectory.cpp.o] Error 1
[1.843s] gmake[1]: *** [CMakeFiles/Makefile2:137: CMakeFiles/driver.dir/all] Error 2
[1.843s] gmake: *** [Makefile:146: all] Error 2
[1.846s] Invoked command in '/home/sachin/IITBDV-Recruitment-Hackathon/IITBDV-Recruitment-Hackathon/Simulation-Development/workspace/src/build/robot_sim' returned '2': CMAKE_PREFIX_PATH=${CMAKE_PREFIX_PATH}:/opt/ros/jazzy DEBUGINFOD_URLS=https://debuginfod.ubuntu.com /usr/bin/cmake --build /home/sachin/IITBDV-Recruitment-Hackathon/IITBDV-Recruitment-Hackathon/Simulation-Development/workspace/src/build/robot_sim -- -j12 -l12
