[0.008s] Invoking command in '/home/sachin/IITBDV-Recruitment-Hackathon/IITBDV-Recruitment-Hackathon/Simulation-Development/workspace/src/build/robot_sim': CMAKE_PREFIX_PATH=${CMAKE_PREFIX_PATH}:/opt/ros/jazzy DEBUGINFOD_URLS=https://debuginfod.ubuntu.com /usr/bin/cmake --build /home/sachin/IITBDV-Recruitment-Hackathon/IITBDV-Recruitment-Hackathon/Simulation-Development/workspace/src/build/robot_sim -- -j12 -l12
[0.062s] [100%] Built target driver
[0.070s] Invoked command in '/home/sachin/IITBDV-Recruitment-Hackathon/IITBDV-Recruitment-Hackathon/Simulation-Development/workspace/src/build/robot_sim' returned '0': CMAKE_PREFIX_PATH=${CMAKE_PREFIX_PATH}:/opt/ros/jazzy DEBUGINFOD_URLS=https://debuginfod.ubuntu.com /usr/bin/cmake --build /home/sachin/IITBDV-Recruitment-Hackathon/IITBDV-Recruitment-Hackathon/Simulation-Development/workspace/src/build/robot_sim -- -j12 -l12
[0.078s] Invoking command in '/home/sachin/IITBDV-Recruitment-Hackathon/IITBDV-Recruitment-Hackathon/Simulation-Development/workspace/src/build/robot_sim': CMAKE_PREFIX_PATH=${CMAKE_PREFIX_PATH}:/opt/ros/jazzy DEBUGINFOD_URLS=https://debuginfod.ubuntu.com /usr/bin/cmake --install /home/sachin/IITBDV-Recruitment-Hackathon/IITBDV-Recruitment-Hackathon/Simulation-Development/workspace/src/build/robot_sim
[0.086s] -- Install configuration: ""
[0.086s] -- Up-to-date: /home/sachin/IITBDV-Recruitment-Hackathon/IITBDV-Recruitment-Hackathon/Simulation-Development/workspace/src/install/robot_sim/lib/robot_sim/driver
[0.086s] -- Up-to-date: /home/sachin/IITBDV-Recruitment-Hackathon/IITBDV-Recruitment-Hackathon/Simulation-Development/workspace/src/install/robot_sim/share/robot_sim/launch
[0.086s] -- Up-to-date: /home/sachin/IITBDV-Recruitment-Hackathon/IITBDV-Recruitment-Hackathon/Simulation-Development/workspace/src/install/robot_sim/share/robot_sim/launch/sim.launch.py
[0.086s] -- Up-to-date: /home/sachin/IITBDV-Recruitment-Hackathon/IITBDV-Recruitment-Hackathon/Simulation-Development/workspace/src/install/robot_sim/share/robot_sim/urdf
[0.086s] -- Installing: /home/sachin/IITBDV-Recruitment-Hackathon/IITBDV-Recruitment-Hackathon/Simulation-Development/workspace/src/install/robot_sim/share/robot_sim/urdf/robot.urdf
[0.086s] -- Up-to-date: /home/sachin/IITBDV-Recruitment-Hackathon/IITBDV-Recruitment-Hackathon/Simulation-Development/workspace/src/install/robot_sim/share/robot_sim/urdf/materials.xacro
[0.086s] -- Up-to-date: /home/sachin/IITBDV-Recruitment-Hackathon/IITBDV-Recruitment-Hackathon/Simulation-Development/workspace/src/install/robot_sim/share/robot_sim/rviz
[0.087s] -- Up-to-date: /home/sachin/IITBDV-Recruitment-Hackathon/IITBDV-Recruitment-Hackathon/Simulation-Development/workspace/src/install/robot_sim/share/robot_sim/rviz/config.rviz
[0.087s] -- Up-to-date: /home/sachin/IITBDV-Recruitment-Hackathon/IITBDV-Recruitment-Hackathon/Simulation-Development/workspace/src/install/robot_sim/include/
[0.087s] -- Up-to-date: /home/sachin/IITBDV-Recruitment-Hackathon/IITBDV-Recruitment-Hackathon/Simulation-Development/workspace/src/install/robot_sim/include//robot_sim
[0.087s] -- Up-to-date: /home/sachin/IITBDV-Recruitment-Hackathon/IITBDV-Recruitment-Hackathon/Simulation-Development/workspace/src/install/robot_sim/include//robot_sim/robot_drive.hpp
[0.087s] -- Up-to-date: /home/sachin/IITBDV-Recruitment-Hackathon/IITBDV-Recruitment-Hackathon/Simulation-Development/workspace/src/install/robot_sim/share/ament_index/resource_index/package_run_dependencies/robot_sim
[0.087s] -- Up-to-date: /home/sachin/IITBDV-Recruitment-Hackathon/IITBDV-Recruitment-Hackathon/Simulation-Development/workspace/src/install/robot_sim/share/ament_index/resource_index/parent_prefix_path/robot_sim
[0.087s] -- Up-to-date: /home/sachin/IITBDV-Recruitment-Hackathon/IITBDV-Recruitment-Hackathon/Simulation-Development/workspace/src/install/robot_sim/share/robot_sim/environment/ament_prefix_path.sh
[0.087s] -- Up-to-date: /home/sachin/IITBDV-Recruitment-Hackathon/IITBDV-Recruitment-Hackathon/Simulation-Development/workspace/src/install/robot_sim/share/robot_sim/environment/ament_prefix_path.dsv
[0.087s] -- Up-to-date: /home/sachin/IITBDV-Recruitment-Hackathon/IITBDV-Recruitment-Hackathon/Simulation-Development/workspace/src/install/robot_sim/share/robot_sim/environment/path.sh
[0.087s] -- Up-to-date: /home/sachin/IITBDV-Recruitment-Hackathon/IITBDV-Recruitment-Hackathon/Simulation-Development/workspace/src/install/robot_sim/share/robot_sim/environment/path.dsv
[0.087s] -- Up-to-date: /home/sachin/IITBDV-Recruitment-Hackathon/IITBDV-Recruitment-Hackathon/Simulation-Development/workspace/src/install/robot_sim/share/robot_sim/local_setup.bash
[0.087s] -- Up-to-date: /home/sachin/IITBDV-Recruitment-Hackathon/IITBDV-Recruitment-Hackathon/Simulation-Development/workspace/src/install/robot_sim/share/robot_sim/local_setup.sh
[0.087s] -- Up-to-date: /home/sachin/IITBDV-Recruitment-Hackathon/IITBDV-Recruitment-Hackathon/Simulation-Development/workspace/src/install/robot_sim/share/robot_sim/local_setup.zsh
[0.087s] -- Up-to-date: /home/sachin/IITBDV-Recruitment-Hackathon/IITBDV-Recruitment-Hackathon/Simulation-Development/workspace/src/install/robot_sim/share/robot_sim/local_setup.dsv
[0.087s] -- Installing: /home/sachin/IITBDV-Recruitment-Hackathon/IITBDV-Recruitment-Hackathon/Simulation-Development/workspace/src/install/robot_sim/share/robot_sim/package.dsv
[0.087s] -- Up-to-date: /home/sachin/IITBDV-Recruitment-Hackathon/IITBDV-Recruitment-Hackathon/Simulation-Development/workspace/src/install/robot_sim/share/ament_index/resource_index/packages/robot_sim
[0.087s] -- Up-to-date: /home/sachin/IITBDV-Recruitment-Hackathon/IITBDV-Recruitment-Hackathon/Simulation-Development/workspace/src/install/robot_sim/share/robot_sim/cmake/robot_simConfig.cmake
[0.087s] -- Up-to-date: /home/sachin/IITBDV-Recruitment-Hackathon/IITBDV-Recruitment-Hackathon/Simulation-Development/workspace/src/install/robot_sim/share/robot_sim/cmake/robot_simConfig-version.cmake
[0.087s] -- Up-to-date: /home/sachin/IITBDV-Recruitment-Hackathon/IITBDV-Recruitment-Hackathon/Simulation-Development/workspace/src/install/robot_sim/share/robot_sim/package.xml
[0.088s] Invoked command in '/home/sachin/IITBDV-Recruitment-Hackathon/IITBDV-Recruitment-Hackathon/Simulation-Development/workspace/src/build/robot_sim' returned '0': CMAKE_PREFIX_PATH=${CMAKE_PREFIX_PATH}:/opt/ros/jazzy DEBUGINFOD_URLS=https://debuginfod.ubuntu.com /usr/bin/cmake --install /home/sachin/IITBDV-Recruitment-Hackathon/IITBDV-Recruitment-Hackathon/Simulation-Development/workspace/src/build/robot_sim
