-- The C compiler identification is GNU 13.3.0
-- The CXX compiler identification is GNU 13.3.0
-- Detecting C compiler ABI info
-- Detecting C compiler ABI info - done
-- Check for working C compiler: /usr/bin/cc - skipped
-- Detecting C compile features
-- Detecting C compile features - done
-- Detecting CXX compiler ABI info
-- Detecting CXX compiler ABI info - done
-- Check for working CXX compiler: /usr/bin/c++ - skipped
-- Detecting CXX compile features
-- Detecting CXX compile features - done
-- Found ament_cmake: 2.5.5 (/opt/ros/jazzy/share/ament_cmake/cmake)
-- Found Python3: /usr/bin/python3 (found version "3.12.3") found components: Interpreter 
-- Found rclcpp: 28.1.16 (/opt/ros/jazzy/share/rclcpp/cmake)
-- Found rosidl_generator_c: 4.6.7 (/opt/ros/jazzy/share/rosidl_generator_c/cmake)
-- Found rosidl_generator_cpp: 4.6.7 (/opt/ros/jazzy/share/rosidl_generator_cpp/cmake)
-- Using all available rosidl_typesupport_c: rosidl_typesupport_fastrtps_c;rosidl_typesupport_introspection_c
-- Using all available rosidl_typesupport_cpp: rosidl_typesupport_fastrtps_cpp;rosidl_typesupport_introspection_cpp
-- Found rmw_implementation_cmake: 7.3.3 (/opt/ros/jazzy/share/rmw_implementation_cmake/cmake)
-- Found rmw_fastrtps_cpp: 8.4.3 (/opt/ros/jazzy/share/rmw_fastrtps_cpp/cmake)
-- Found OpenSSL: /usr/lib/x86_64-linux-gnu/libcrypto.so (found version "3.0.13")  
-- Found FastRTPS: /opt/ros/jazzy/include (Required is at least version "2.13") 
-- Using RMW implementation 'rmw_fastrtps_cpp' as default
-- Found robot_state_publisher: 3.3.3 (/opt/ros/jazzy/share/robot_state_publisher/cmake)
-- Found ros2_control: 4.42.2 (/opt/ros/jazzy/share/ros2_control/cmake)
-- Found xacro: 2.1.1 (/opt/ros/jazzy/share/xacro/cmake)
-- Found ament_lint_auto: 0.17.4 (/opt/ros/jazzy/share/ament_lint_auto/cmake)
-- Added test 'cppcheck' to perform static code analysis on C / C++ code
-- Configured cppcheck include dirs: /home/sachin/IITBDV-Recruitment-Hackathon/IITBDV-Recruitment-Hackathon/Simulation-Development/workspace/src/robot_sim/include
-- Configured cppcheck exclude dirs and/or files: 
-- Added test 'flake8' to check Python code syntax and style conventions
-- Configured 'flake8' exclude dirs and/or files: 
-- Added test 'lint_cmake' to check CMake code style
-- Added test 'pep257' to check Python code against some of the docstring style conventions in PEP 257
-- Added test 'uncrustify' to check C / C++ code style
-- Configured uncrustify additional arguments: 
-- Added test 'xmllint' to check XML markup files
-- Configuring done (1.3s)
-- Generating done (0.0s)
-- Build files have been written to: /home/sachin/IITBDV-Recruitment-Hackathon/IITBDV-Recruitment-Hackathon/Simulation-Development/workspace/src/build/robot_sim
[ 33%] [32mBuilding CXX object CMakeFiles/driver.dir/src/main.cpp.o[0m
[ 66%] [32mBuilding CXX object CMakeFiles/driver.dir/src/trajectory.cpp.o[0m
[100%] [32m[1mLinking CXX executable driver[0m
[100%] Built target driver
-- Install configuration: ""
-- Installing: /home/sachin/IITBDV-Recruitment-Hackathon/IITBDV-Recruitment-Hackathon/Simulation-Development/workspace/src/install/robot_sim/lib/robot_sim/driver
-- Set non-toolchain portion of runtime path of "/home/sachin/IITBDV-Recruitment-Hackathon/IITBDV-Recruitment-Hackathon/Simulation-Development/workspace/src/install/robot_sim/lib/robot_sim/driver" to ""
-- Installing: /home/sachin/IITBDV-Recruitment-Hackathon/IITBDV-Recruitment-Hackathon/Simulation-Development/workspace/src/install/robot_sim/share/robot_sim/launch
-- Installing: /home/sachin/IITBDV-Recruitment-Hackathon/IITBDV-Recruitment-Hackathon/Simulation-Development/workspace/src/install/robot_sim/share/robot_sim/launch/sim.launch.py
-- Installing: /home/sachin/IITBDV-Recruitment-Hackathon/IITBDV-Recruitment-Hackathon/Simulation-Development/workspace/src/install/robot_sim/share/robot_sim/urdf
-- Installing: /home/sachin/IITBDV-Recruitment-Hackathon/IITBDV-Recruitment-Hackathon/Simulation-Development/workspace/src/install/robot_sim/share/robot_sim/urdf/robot.urdf
-- Installing: /home/sachin/IITBDV-Recruitment-Hackathon/IITBDV-Recruitment-Hackathon/Simulation-Development/workspace/src/install/robot_sim/share/robot_sim/urdf/materials.xacro
-- Installing: /home/sachin/IITBDV-Recruitment-Hackathon/IITBDV-Recruitment-Hackathon/Simulation-Development/workspace/src/install/robot_sim/share/robot_sim/rviz
-- Installing: /home/sachin/IITBDV-Recruitment-Hackathon/IITBDV-Recruitment-Hackathon/Simulation-Development/workspace/src/install/robot_sim/share/robot_sim/rviz/config.rviz
-- Installing: /home/sachin/IITBDV-Recruitment-Hackathon/IITBDV-Recruitment-Hackathon/Simulation-Development/workspace/src/install/robot_sim/include/
-- Installing: /home/sachin/IITBDV-Recruitment-Hackathon/IITBDV-Recruitment-Hackathon/Simulation-Development/workspace/src/install/robot_sim/include//robot_sim
-- Installing: /home/sachin/IITBDV-Recruitment-Hackathon/IITBDV-Recruitment-Hackathon/Simulation-Development/workspace/src/install/robot_sim/include//robot_sim/robot_drive.hpp
-- Installing: /home/sachin/IITBDV-Recruitment-Hackathon/IITBDV-Recruitment-Hackathon/Simulation-Development/workspace/src/install/robot_sim/share/ament_index/resource_index/package_run_dependencies/robot_sim
-- Installing: /home/sachin/IITBDV-Recruitment-Hackathon/IITBDV-Recruitment-Hackathon/Simulation-Development/workspace/src/install/robot_sim/share/ament_index/resource_index/parent_prefix_path/robot_sim
-- Installing: /home/sachin/IITBDV-Recruitment-Hackathon/IITBDV-Recruitment-Hackathon/Simulation-Development/workspace/src/install/robot_sim/share/robot_sim/environment/ament_prefix_path.sh
-- Installing: /home/sachin/IITBDV-Recruitment-Hackathon/IITBDV-Recruitment-Hackathon/Simulation-Development/workspace/src/install/robot_sim/share/robot_sim/environment/ament_prefix_path.dsv
-- Installing: /home/sachin/IITBDV-Recruitment-Hackathon/IITBDV-Recruitment-Hackathon/Simulation-Development/workspace/src/install/robot_sim/share/robot_sim/environment/path.sh
-- Installing: /home/sachin/IITBDV-Recruitment-Hackathon/IITBDV-Recruitment-Hackathon/Simulation-Development/workspace/src/install/robot_sim/share/robot_sim/environment/path.dsv
-- Installing: /home/sachin/IITBDV-Recruitment-Hackathon/IITBDV-Recruitment-Hackathon/Simulation-Development/workspace/src/install/robot_sim/share/robot_sim/local_setup.bash
-- Installing: /home/sachin/IITBDV-Recruitment-Hackathon/IITBDV-Recruitment-Hackathon/Simulation-Development/workspace/src/install/robot_sim/share/robot_sim/local_setup.sh
-- Installing: /home/sachin/IITBDV-Recruitment-Hackathon/IITBDV-Recruitment-Hackathon/Simulation-Development/workspace/src/install/robot_sim/share/robot_sim/local_setup.zsh
-- Installing: /home/sachin/IITBDV-Recruitment-Hackathon/IITBDV-Recruitment-Hackathon/Simulation-Development/workspace/src/install/robot_sim/share/robot_sim/local_setup.dsv
-- Installing: /home/sachin/IITBDV-Recruitment-Hackathon/IITBDV-Recruitment-Hackathon/Simulation-Development/workspace/src/install/robot_sim/share/robot_sim/package.dsv
-- Installing: /home/sachin/IITBDV-Recruitment-Hackathon/IITBDV-Recruitment-Hackathon/Simulation-Development/workspace/src/install/robot_sim/share/ament_index/resource_index/packages/robot_sim
-- Installing: /home/sachin/IITBDV-Recruitment-Hackathon/IITBDV-Recruitment-Hackathon/Simulation-Development/workspace/src/install/robot_sim/share/robot_sim/cmake/robot_simConfig.cmake
-- Installing: /home/sachin/IITBDV-Recruitment-Hackathon/IITBDV-Recruitment-Hackathon/Simulation-Development/workspace/src/install/robot_sim/share/robot_sim/cmake/robot_simConfig-version.cmake
-- Installing: /home/sachin/IITBDV-Recruitment-Hackathon/IITBDV-Recruitment-Hackathon/Simulation-Development/workspace/src/install/robot_sim/share/robot_sim/package.xml
