[0.009s] Invoking command in '/home/sachin/IITBDV-Recruitment-Hackathon/IITBDV-Recruitment-Hackathon/Simulation-Development/workspace/src/build/robot_sim': CMAKE_PREFIX_PATH=${CMAKE_PREFIX_PATH}:/opt/ros/jazzy DEBUGINFOD_URLS=https://debuginfod.ubuntu.com /usr/bin/cmake /home/sachin/IITBDV-Recruitment-Hackathon/IITBDV-Recruitment-Hackathon/Simulation-Development/workspace/src/robot_sim -DCMAKE_INSTALL_PREFIX=/home/sachin/IITBDV-Recruitment-Hackathon/IITBDV-Recruitment-Hackathon/Simulation-Development/workspace/src/install/robot_sim
[0.168s] -- The C compiler identification is GNU 13.3.0
[0.265s] -- The CXX compiler identification is GNU 13.3.0
[0.285s] -- Detecting C compiler ABI info
[0.402s] -- Detecting C compiler ABI info - done
[0.410s] -- Check for working C compiler: /usr/bin/cc - skipped
[0.411s] -- Detecting C compile features
[0.412s] -- Detecting C compile features - done
[0.422s] -- Detecting CXX compiler ABI info
[0.507s] -- Detecting CXX compiler ABI info - done
[0.513s] -- Check for working CXX compiler: /usr/bin/c++ - skipped
[0.514s] -- Detecting CXX compile features
[0.514s] -- Detecting CXX compile features - done
[0.521s] -- Found ament_cmake: 2.5.5 (/opt/ros/jazzy/share/ament_cmake/cmake)
[0.630s] -- Found Python3: /usr/bin/python3 (found version "3.12.3") found components: Interpreter 
[0.724s] -- Found rclcpp: 28.1.16 (/opt/ros/jazzy/share/rclcpp/cmake)
[0.764s] -- Found rosidl_generator_c: 4.6.7 (/opt/ros/jazzy/share/rosidl_generator_c/cmake)
[0.776s] -- Found rosidl_generator_cpp: 4.6.7 (/opt/ros/jazzy/share/rosidl_generator_cpp/cmake)
[0.792s] -- Using all available rosidl_typesupport_c: rosidl_typesupport_fastrtps_c;rosidl_typesupport_introspection_c
[0.809s] -- Using all available rosidl_typesupport_cpp: rosidl_typesupport_fastrtps_cpp;rosidl_typesupport_introspection_cpp
[0.878s] -- Found rmw_implementation_cmake: 7.3.3 (/opt/ros/jazzy/share/rmw_implementation_cmake/cmake)
[0.881s] -- Found rmw_fastrtps_cpp: 8.4.3 (/opt/ros/jazzy/share/rmw_fastrtps_cpp/cmake)
[0.977s] -- Found OpenSSL: /usr/lib/x86_64-linux-gnu/libcrypto.so (found version "3.0.13")  
[0.993s] -- Found FastRTPS: /opt/ros/jazzy/include (Required is at least version "2.13") 
[1.015s] -- Using RMW implementation 'rmw_fastrtps_cpp' as default
[1.082s] -- Found robot_state_publisher: 3.3.3 (/opt/ros/jazzy/share/robot_state_publisher/cmake)
[1.279s] -- Found ros2_control: 4.42.2 (/opt/ros/jazzy/share/ros2_control/cmake)
[1.281s] -- Found xacro: 2.1.1 (/opt/ros/jazzy/share/xacro/cmake)
[1.285s] -- Found ament_lint_auto: 0.17.4 (/opt/ros/jazzy/share/ament_lint_auto/cmake)
[1.369s] -- Added test 'cppcheck' to perform static code analysis on C / C++ code
[1.370s] -- Configured cppcheck include dirs: /home/sachin/IITBDV-Recruitment-Hackathon/IITBDV-Recruitment-Hackathon/Simulation-Development/workspace/src/robot_sim/include
[1.370s] -- Configured cppcheck exclude dirs and/or files: 
[1.370s] -- Added test 'flake8' to check Python code syntax and style conventions
[1.370s] -- Configured 'flake8' exclude dirs and/or files: 
[1.371s] -- Added test 'lint_cmake' to check CMake code style
[1.371s] -- Added test 'pep257' to check Python code against some of the docstring style conventions in PEP 257
[1.372s] -- Added test 'uncrustify' to check C / C++ code style
[1.372s] -- Configured uncrustify additional arguments: 
[1.373s] -- Added test 'xmllint' to check XML markup files
[1.374s] -- Configuring done (1.3s)
[1.383s] -- Generating done (0.0s)
[1.387s] -- Build files have been written to: /home/sachin/IITBDV-Recruitment-Hackathon/IITBDV-Recruitment-Hackathon/Simulation-Development/workspace/src/build/robot_sim
[1.395s] Invoked command in '/home/sachin/IITBDV-Recruitment-Hackathon/IITBDV-Recruitment-Hackathon/Simulation-Development/workspace/src/build/robot_sim' returned '0': CMAKE_PREFIX_PATH=${CMAKE_PREFIX_PATH}:/opt/ros/jazzy DEBUGINFOD_URLS=https://debuginfod.ubuntu.com /usr/bin/cmake /home/sachin/IITBDV-Recruitment-Hackathon/IITBDV-Recruitment-Hackathon/Simulation-Development/workspace/src/robot_sim -DCMAKE_INSTALL_PREFIX=/home/sachin/IITBDV-Recruitment-Hackathon/IITBDV-Recruitment-Hackathon/Simulation-Development/workspace/src/install/robot_sim
[1.396s] Invoking command in '/home/sachin/IITBDV-Recruitment-Hackathon/IITBDV-Recruitment-Hackathon/Simulation-Development/workspace/src/build/robot_sim': CMAKE_PREFIX_PATH=${CMAKE_PREFIX_PATH}:/opt/ros/jazzy DEBUGINFOD_URLS=https://debuginfod.ubuntu.com /usr/bin/cmake --build /home/sachin/IITBDV-Recruitment-Hackathon/IITBDV-Recruitment-Hackathon/Simulation-Development/workspace/src/build/robot_sim -- -j12 -l12
[1.438s] [ 33%] [32mBuilding CXX object CMakeFiles/driver.dir/src/main.cpp.o[0m
[1.439s] [ 66%] [32mBuilding CXX object CMakeFiles/driver.dir/src/trajectory.cpp.o[0m
[4.049s] [100%] [32m[1mLinking CXX executable driver[0m
[4.224s] [100%] Built target driver
[4.233s] Invoked command in '/home/sachin/IITBDV-Recruitment-Hackathon/IITBDV-Recruitment-Hackathon/Simulation-Development/workspace/src/build/robot_sim' returned '0': CMAKE_PREFIX_PATH=${CMAKE_PREFIX_PATH}:/opt/ros/jazzy DEBUGINFOD_URLS=https://debuginfod.ubuntu.com /usr/bin/cmake --build /home/sachin/IITBDV-Recruitment-Hackathon/IITBDV-Recruitment-Hackathon/Simulation-Development/workspace/src/build/robot_sim -- -j12 -l12
[4.241s] Invoking command in '/home/sachin/IITBDV-Recruitment-Hackathon/IITBDV-Recruitment-Hackathon/Simulation-Development/workspace/src/build/robot_sim': CMAKE_PREFIX_PATH=${CMAKE_PREFIX_PATH}:/opt/ros/jazzy DEBUGINFOD_URLS=https://debuginfod.ubuntu.com /usr/bin/cmake --install /home/sachin/IITBDV-Recruitment-Hackathon/IITBDV-Recruitment-Hackathon/Simulation-Development/workspace/src/build/robot_sim
[4.248s] -- Install configuration: ""
[4.248s] -- Installing: /home/sachin/IITBDV-Recruitment-Hackathon/IITBDV-Recruitment-Hackathon/Simulation-Development/workspace/src/install/robot_sim/lib/robot_sim/driver
[4.249s] -- Set non-toolchain portion of runtime path of "/home/sachin/IITBDV-Recruitment-Hackathon/IITBDV-Recruitment-Hackathon/Simulation-Development/workspace/src/install/robot_sim/lib/robot_sim/driver" to ""
[4.249s] -- Installing: /home/sachin/IITBDV-Recruitment-Hackathon/IITBDV-Recruitment-Hackathon/Simulation-Development/workspace/src/install/robot_sim/share/robot_sim/launch
[4.249s] -- Installing: /home/sachin/IITBDV-Recruitment-Hackathon/IITBDV-Recruitment-Hackathon/Simulation-Development/workspace/src/install/robot_sim/share/robot_sim/launch/sim.launch.py
[4.249s] -- Installing: /home/sachin/IITBDV-Recruitment-Hackathon/IITBDV-Recruitment-Hackathon/Simulation-Development/workspace/src/install/robot_sim/share/robot_sim/urdf
[4.249s] -- Installing: /home/sachin/IITBDV-Recruitment-Hackathon/IITBDV-Recruitment-Hackathon/Simulation-Development/workspace/src/install/robot_sim/share/robot_sim/urdf/robot.urdf
[4.249s] -- Installing: /home/sachin/IITBDV-Recruitment-Hackathon/IITBDV-Recruitment-Hackathon/Simulation-Development/workspace/src/install/robot_sim/share/robot_sim/urdf/materials.xacro
[4.249s] -- Installing: /home/sachin/IITBDV-Recruitment-Hackathon/IITBDV-Recruitment-Hackathon/Simulation-Development/workspace/src/install/robot_sim/share/robot_sim/rviz
[4.249s] -- Installing: /home/sachin/IITBDV-Recruitment-Hackathon/IITBDV-Recruitment-Hackathon/Simulation-Development/workspace/src/install/robot_sim/share/robot_sim/rviz/config.rviz
[4.249s] -- Installing: /home/sachin/IITBDV-Recruitment-Hackathon/IITBDV-Recruitment-Hackathon/Simulation-Development/workspace/src/install/robot_sim/include/
[4.249s] -- Installing: /home/sachin/IITBDV-Recruitment-Hackathon/IITBDV-Recruitment-Hackathon/Simulation-Development/workspace/src/install/robot_sim/include//robot_sim
[4.250s] -- Installing: /home/sachin/IITBDV-Recruitment-Hackathon/IITBDV-Recruitment-Hackathon/Simulation-Development/workspace/src/install/robot_sim/include//robot_sim/robot_drive.hpp
[4.250s] -- Installing: /home/sachin/IITBDV-Recruitment-Hackathon/IITBDV-Recruitment-Hackathon/Simulation-Development/workspace/src/install/robot_sim/share/ament_index/resource_index/package_run_dependencies/robot_sim
[4.250s] -- Installing: /home/sachin/IITBDV-Recruitment-Hackathon/IITBDV-Recruitment-Hackathon/Simulation-Development/workspace/src/install/robot_sim/share/ament_index/resource_index/parent_prefix_path/robot_sim
[4.250s] -- Installing: /home/sachin/IITBDV-Recruitment-Hackathon/IITBDV-Recruitment-Hackathon/Simulation-Development/workspace/src/install/robot_sim/share/robot_sim/environment/ament_prefix_path.sh
[4.250s] -- Installing: /home/sachin/IITBDV-Recruitment-Hackathon/IITBDV-Recruitment-Hackathon/Simulation-Development/workspace/src/install/robot_sim/share/robot_sim/environment/ament_prefix_path.dsv
[4.250s] -- Installing: /home/sachin/IITBDV-Recruitment-Hackathon/IITBDV-Recruitment-Hackathon/Simulation-Development/workspace/src/install/robot_sim/share/robot_sim/environment/path.sh
[4.250s] -- Installing: /home/sachin/IITBDV-Recruitment-Hackathon/IITBDV-Recruitment-Hackathon/Simulation-Development/workspace/src/install/robot_sim/share/robot_sim/environment/path.dsv
[4.250s] -- Installing: /home/sachin/IITBDV-Recruitment-Hackathon/IITBDV-Recruitment-Hackathon/Simulation-Development/workspace/src/install/robot_sim/share/robot_sim/local_setup.bash
[4.250s] -- Installing: /home/sachin/IITBDV-Recruitment-Hackathon/IITBDV-Recruitment-Hackathon/Simulation-Development/workspace/src/install/robot_sim/share/robot_sim/local_setup.sh
[4.250s] -- Installing: /home/sachin/IITBDV-Recruitment-Hackathon/IITBDV-Recruitment-Hackathon/Simulation-Development/workspace/src/install/robot_sim/share/robot_sim/local_setup.zsh
[4.250s] -- Installing: /home/sachin/IITBDV-Recruitment-Hackathon/IITBDV-Recruitment-Hackathon/Simulation-Development/workspace/src/install/robot_sim/share/robot_sim/local_setup.dsv
[4.250s] -- Installing: /home/sachin/IITBDV-Recruitment-Hackathon/IITBDV-Recruitment-Hackathon/Simulation-Development/workspace/src/install/robot_sim/share/robot_sim/package.dsv
[4.250s] -- Installing: /home/sachin/IITBDV-Recruitment-Hackathon/IITBDV-Recruitment-Hackathon/Simulation-Development/workspace/src/install/robot_sim/share/ament_index/resource_index/packages/robot_sim
[4.250s] -- Installing: /home/sachin/IITBDV-Recruitment-Hackathon/IITBDV-Recruitment-Hackathon/Simulation-Development/workspace/src/install/robot_sim/share/robot_sim/cmake/robot_simConfig.cmake
[4.250s] -- Installing: /home/sachin/IITBDV-Recruitment-Hackathon/IITBDV-Recruitment-Hackathon/Simulation-Development/workspace/src/install/robot_sim/share/robot_sim/cmake/robot_simConfig-version.cmake
[4.250s] -- Installing: /home/sachin/IITBDV-Recruitment-Hackathon/IITBDV-Recruitment-Hackathon/Simulation-Development/workspace/src/install/robot_sim/share/robot_sim/package.xml
[4.251s] Invoked command in '/home/sachin/IITBDV-Recruitment-Hackathon/IITBDV-Recruitment-Hackathon/Simulation-Development/workspace/src/build/robot_sim' returned '0': CMAKE_PREFIX_PATH=${CMAKE_PREFIX_PATH}:/opt/ros/jazzy DEBUGINFOD_URLS=https://debuginfod.ubuntu.com /usr/bin/cmake --install /home/sachin/IITBDV-Recruitment-Hackathon/IITBDV-Recruitment-Hackathon/Simulation-Development/workspace/src/build/robot_sim
